<?xml version="1.0" encoding="UTF-8"?>
<testsuite name="ale.adq.gal.aut.cma.api.AppTest" tests="1" skipped="0" failures="0" errors="0" timestamp="2019-10-28T13:16:25" hostname="localhost.localdomain" time="0.019">
  <properties/>
  <testcase name="appHasAGreeting()" classname="ale.adq.gal.aut.cma.api.AppTest" time="0.019"/>
  <system-out><![CDATA[]]></system-out>
  <system-err><![CDATA[]]></system-err>
</testsuite>
